
> main-projects@1.0.0 build
> vite build

[36mvite v8.0.3 [32mbuilding client environment for production...[36m[39m
[2K
transforming...Γ£ô 3443 modules transformed.
rendering chunks...
computing gzip size...
dist/index.html                     0.37 kB Γöé gzip:   0.27 kB
dist/assets/index-8MY3vMIi.css     41.14 kB Γöé gzip:  11.84 kB
dist/assets/index-BuNRO9VA.js   2,714.23 kB Γöé gzip: 758.17 kB

[32mΓ£ô built in 2.44s[39m
node.exe : 
[33m[plugin 
builtin:vite-reporter] 
At line:1 char:1
+ & "C:\Program 
Files\nodejs/node.exe" 
"C:\Program 
Files\nodejs/node_mo 
...
+ ~~~~~~~~~~~~~~~~~~~~~
~~~~~~~~~~~~~~~~~~~~~~~
~~~~~~~~~~~~~~~~~~~~~~~
~~
    + CategoryInfo     
         : 
NotSpecified: (    
[33m[plugin builtin:v  
  ite-reporter] 
:String    ) [], 
RemoteException
    + 
FullyQualifiedError    
Id : NativeCommandErr  
  or
 
(!) Some chunks are 
larger than 500 kB 
after minification. 
Consider:
- Using dynamic 
import() to code-split 
the application
- Use build.rolldownOpt
ions.output.codeSplitti
ng to improve 
chunking: https://rolld
own.rs/reference/Output
Options.codeSplitting
- Adjust chunk size 
limit for this warning 
via build.chunkSizeWarn
ingLimit.[39m
